0 info it worked if it ends with ok
1 verbose cli [ 'node', '/usr/local/bin/npm', 'version', 'patch' ]
2 info using npm@1.2.11
3 info using node@v0.8.2
4 silly exec git "status" "--porcelain"
5 silly git,status,--porcelain, spawning
6 error Error: Git working directory not clean.
6 error M HTTPErrors.js
6 error     at /usr/local/lib/node_modules/npm/lib/version.js:82:33
6 error     at ChildProcess.<anonymous> (/usr/local/lib/node_modules/npm/lib/utils/exec.js:61:5)
6 error     at ChildProcess.EventEmitter.emit (events.js:91:17)
6 error     at maybeClose (child_process.js:634:16)
6 error     at Socket.ChildProcess.spawn.stdin (child_process.js:805:11)
6 error     at Socket.EventEmitter.emit (events.js:88:17)
6 error     at Socket._destroy.destroyed (net.js:358:10)
6 error     at process.startup.processNextTick.process._tickCallback (node.js:244:9)
7 error If you need help, you may report this log at:
7 error     <http://github.com/isaacs/npm/issues>
7 error or email it to:
7 error     <npm-@googlegroups.com>
8 error System Linux 3.5.0-23-generic
9 error command "node" "/usr/local/bin/npm" "version" "patch"
10 error cwd /home/merc/Synced/Development/node/dev/node_modules/allhttperrors
11 error node -v v0.8.2
12 error npm -v 1.2.11
13 verbose exit [ 1, true ]
